Traceback (most recent call last):
  File "<frozen runpy>", line 198, in _run_module_as_main
  File "<frozen runpy>", line 88, in _run_code
  File "/goinfre/berrabia/RAG/src/__main__.py", line 1, in <module>
    import fire
  File "/goinfre/berrabia/RAG/.venv/lib/python3.14/site-packages/fire/__init__.py", line 17, in <module>
    from fire.core import Fire
  File "/goinfre/berrabia/RAG/.venv/lib/python3.14/site-packages/fire/core.py", line 52, in <module>
    import asyncio
  File "/home/berrabia/.local/share/uv/python/cpython-3.14.3-linux-x86_64-gnu/lib/python3.14/asyncio/__init__.py", line 8, in <module>
    from .base_events import *
  File "/home/berrabia/.local/share/uv/python/cpython-3.14.3-linux-x86_64-gnu/lib/python3.14/asyncio/base_events.py", line 18, in <module>
    import concurrent.futures
  File "/home/berrabia/.local/share/uv/python/cpython-3.14.3-linux-x86_64-gnu/lib/python3.14/concurrent/futures/__init__.py", line 8, in <module>
    from concurrent.futures._base import (FIRST_COMPLETED,
    ...<9 lines>...
                                          as_completed)
  File "/home/berrabia/.local/share/uv/python/cpython-3.14.3-linux-x86_64-gnu/lib/python3.14/concurrent/futures/_base.py", line 7, in <module>
    import logging
  File "/home/berrabia/.local/share/uv/python/cpython-3.14.3-linux-x86_64-gnu/lib/python3.14/logging/__init__.py", line 26, in <module>
    import sys, os, time, io, re, traceback, warnings, weakref, collections.abc
  File "/home/berrabia/.local/share/uv/python/cpython-3.14.3-linux-x86_64-gnu/lib/python3.14/traceback.py", line 13, in <module>
    import _colorize
  File "/home/berrabia/.local/share/uv/python/cpython-3.14.3-linux-x86_64-gnu/lib/python3.14/_colorize.py", line 174, in <module>
    @dataclass(frozen=True)
     ~~~~~~~~~^^^^^^^^^^^^^
  File "/home/berrabia/.local/share/uv/python/cpython-3.14.3-linux-x86_64-gnu/lib/python3.14/dataclasses.py", line 1432, in wrap
    return _process_class(cls, init, repr, eq, order, unsafe_hash,
                          frozen, match_args, kw_only, slots,
                          weakref_slot)
  File "/home/berrabia/.local/share/uv/python/cpython-3.14.3-linux-x86_64-gnu/lib/python3.14/dataclasses.py", line 1241, in _process_class
    abc.update_abstractmethods(cls)
    ~~~~~~~~~~~~~~~~~~~~~~~~~~^^^^^
  File "<frozen abc>", line 162, in update_abstractmethods
KeyboardInterrupt
