Traceback (most recent call last):
  File "<frozen runpy>", line 198, in _run_module_as_main
  File "<frozen runpy>", line 88, in _run_code
  File "/goinfre/berrabia/RAG/src/__main__.py", line 3, in <module>
    import chromadb
  File "/goinfre/berrabia/RAG/.venv/lib/python3.14/site-packages/chromadb/__init__.py", line 6, in <module>
    from chromadb.api.client import Client as ClientCreator
  File "/goinfre/berrabia/RAG/.venv/lib/python3.14/site-packages/chromadb/api/__init__.py", line 1, in <module>
    from chromadb.api.types import *  # noqa: F401, F403
    ^^^^^^^^^^^^^^^^^^^^^^^^^^^^^^^^
  File "/goinfre/berrabia/RAG/.venv/lib/python3.14/site-packages/chromadb/api/types.py", line 20, in <module>
    from numpy.typing import NDArray
  File "/goinfre/berrabia/RAG/.venv/lib/python3.14/site-packages/numpy/__init__.py", line 112, in <module>
    from numpy.__config__ import show_config
  File "/goinfre/berrabia/RAG/.venv/lib/python3.14/site-packages/numpy/__config__.py", line 4, in <module>
    from numpy._core._multiarray_umath import (
    ...<3 lines>...
    )
  File "/goinfre/berrabia/RAG/.venv/lib/python3.14/site-packages/numpy/_core/__init__.py", line 24, in <module>
    from . import multiarray
  File "/goinfre/berrabia/RAG/.venv/lib/python3.14/site-packages/numpy/_core/multiarray.py", line 11, in <module>
    from . import _multiarray_umath, overrides
KeyboardInterrupt
